0 info it worked if it ends with ok
1 verbose cli [ 'C:\\Program Files\\nodejs\\node.exe',
1 verbose cli   'C:\\Program Files\\nodejs\\node_modules\\npm\\bin\\npm-cli.js',
1 verbose cli   'install',
1 verbose cli   'nwmatcher/src/nwmatcher-noqsa' ]
2 info using npm@2.15.9
3 info using node@v4.5.0
4 verbose install initial load of C:\Users\lucar\Desktop\PennApps2017w\package.json
5 verbose installManyTop reading scoped package data from C:\Users\lucar\Desktop\PennApps2017w\node_modules\body-parser\package.json
6 verbose installManyTop reading scoped package data from C:\Users\lucar\Desktop\PennApps2017w\node_modules\connect-busboy\package.json
7 verbose installManyTop reading scoped package data from C:\Users\lucar\Desktop\PennApps2017w\node_modules\content-type-parser\package.json
8 verbose installManyTop reading scoped package data from C:\Users\lucar\Desktop\PennApps2017w\node_modules\express\package.json
9 verbose installManyTop reading scoped package data from C:\Users\lucar\Desktop\PennApps2017w\node_modules\fs\package.json
10 verbose installManyTop reading scoped package data from C:\Users\lucar\Desktop\PennApps2017w\node_modules\jquery\package.json
11 verbose installManyTop reading scoped package data from C:\Users\lucar\Desktop\PennApps2017w\node_modules\jsdom\package.json
12 verbose installManyTop reading scoped package data from C:\Users\lucar\Desktop\PennApps2017w\node_modules\require\package.json
13 verbose installManyTop reading scoped package data from C:\Users\lucar\Desktop\PennApps2017w\node_modules\symbol-tree\package.json
14 verbose installManyTop reading scoped package data from C:\Users\lucar\Desktop\PennApps2017w\node_modules\tough-cookie\package.json
15 verbose installManyTop reading scoped package data from C:\Users\lucar\Desktop\PennApps2017w\node_modules\whatwg-url\package.json
16 info package.json fs@0.0.1-security fs is also the name of a node core module.
17 info package.json require@2.4.20 No license field.
18 info package.json connect-busboy@0.0.2 No license field.
19 verbose readDependencies loading dependencies from C:\Users\lucar\Desktop\PennApps2017w\package.json
20 silly cache add args [ 'nwmatcher/src/nwmatcher-noqsa', null ]
21 verbose cache add spec nwmatcher/src/nwmatcher-noqsa
22 silly cache add parsed spec Result {
22 silly cache add   raw: 'nwmatcher/src/nwmatcher-noqsa',
22 silly cache add   scope: null,
22 silly cache add   name: null,
22 silly cache add   rawSpec: 'nwmatcher/src/nwmatcher-noqsa',
22 silly cache add   spec: 'C:\\Users\\lucar\\Desktop\\PennApps2017w\\nwmatcher\\src\\nwmatcher-noqsa',
22 silly cache add   type: 'local' }
23 error addLocal Could not install C:\Users\lucar\Desktop\PennApps2017w\nwmatcher\src\nwmatcher-noqsa
24 verbose stack Error: ENOENT: no such file or directory, open 'C:\Users\lucar\Desktop\PennApps2017w\nwmatcher\src\nwmatcher-noqsa'
24 verbose stack     at Error (native)
25 verbose cwd C:\Users\lucar\Desktop\PennApps2017w
26 error Windows_NT 10.0.10586
27 error argv "C:\\Program Files\\nodejs\\node.exe" "C:\\Program Files\\nodejs\\node_modules\\npm\\bin\\npm-cli.js" "install" "nwmatcher/src/nwmatcher-noqsa"
28 error node v4.5.0
29 error npm  v2.15.9
30 error path C:\Users\lucar\Desktop\PennApps2017w\nwmatcher\src\nwmatcher-noqsa
31 error code ENOENT
32 error errno -4058
33 error syscall open
34 error enoent ENOENT: no such file or directory, open 'C:\Users\lucar\Desktop\PennApps2017w\nwmatcher\src\nwmatcher-noqsa'
34 error enoent This is most likely not a problem with npm itself
34 error enoent and is related to npm not being able to find a file.
35 verbose exit [ -4058, true ]
